DEPRECATION WARNING: config.action_view.debug_rjs will be removed in 3.1, from 3.1 onwards you will need to install prototype-rails to continue to use RJS templates . (called from service at /System/Library/Frameworks/Ruby.framework/Versions/1.8/usr/lib/ruby/1.8/webrick/httpserver.rb:104)


Started GET "/pages/home" for 127.0.0.1 at Mon Aug 08 18:52:12 -0400 2011
  Processing by PagesController#home as HTML
Rendered pages/home.html.erb within layouts/application (1.8ms)
Completed 200 OK in 8ms (Views: 7.3ms | ActiveRecord: 0.0ms)
  [1m[36mSQL (0.4ms)[0m  [1m SELECT name
 FROM sqlite_master
 WHERE type = 'table' AND NOT name = 'sqlite_sequence'
[0m
  [1m[35mSQL (0.1ms)[0m  select sqlite_version(*)
  [1m[36mSQL (2.5ms)[0m  [1mCREATE TABLE "schema_migrations" ("version" varchar(255) NOT NULL) [0m
  [1m[35mSQL (0.0ms)[0m  PRAGMA index_list("schema_migrations")
  [1m[36mSQL (0.8ms)[0m  [1mCREATE UNIQUE INDEX "unique_schema_migrations" ON "schema_migrations" ("version")[0m
  [1m[35mSQL (0.1ms)[0m   SELECT name
 FROM sqlite_master
 WHERE type = 'table' AND NOT name = 'sqlite_sequence'
  [1m[36mSQL (0.1ms)[0m  [1m SELECT name
 FROM sqlite_master
 WHERE type = 'table' AND NOT name = 'sqlite_sequence'
[0m
  [1m[35mSQL (0.1ms)[0m   SELECT name
 FROM sqlite_master
 WHERE type = 'table' AND NOT name = 'sqlite_sequence'
  [1m[36mSQL (0.1ms)[0m  [1mSELECT "schema_migrations"."version" FROM "schema_migrations"[0m
  [1m[35mSQL (0.1ms)[0m   SELECT name
 FROM sqlite_master
 WHERE type = 'table' AND NOT name = 'sqlite_sequence'


Started GET "/rails/info/properties" for 127.0.0.1 at Mon Aug 08 19:12:58 -0400 2011
  Processing by Rails::InfoController#properties as 
  [1m[36mSQL (0.5ms)[0m  [1m SELECT name
 FROM sqlite_master
 WHERE type = 'table' AND NOT name = 'sqlite_sequence'
[0m
  [1m[35mSQL (0.1ms)[0m   SELECT name
 FROM sqlite_master
 WHERE type = 'table' AND NOT name = 'sqlite_sequence'
  [1m[36mSQL (0.1ms)[0m  [1mSELECT "schema_migrations"."version" FROM "schema_migrations"[0m
Rendered inline template (0.5ms)
Completed 200 OK in 16ms (Views: 1.3ms | ActiveRecord: 0.6ms)


Started GET "/rails/info/properties" for 127.0.0.1 at Mon Aug 08 19:13:06 -0400 2011
  Processing by Rails::InfoController#properties as 
Rendered inline template (0.3ms)
Completed 200 OK in 1ms (Views: 0.7ms | ActiveRecord: 0.0ms)


Started GET "/pages" for 127.0.0.1 at Mon Aug 08 20:08:48 -0400 2011

ActionController::RoutingError (No route matches "/pages"):
  

Rendered /Library/Ruby/Gems/1.8/gems/actionpack-3.0.9/lib/action_dispatch/middleware/templates/rescues/routing_error.erb within rescues/layout (0.7ms)


Started GET "/pages/home" for 127.0.0.1 at Mon Aug 08 20:08:52 -0400 2011
  Processing by PagesController#home as HTML
Rendered pages/home.html.erb (0.2ms)
Completed 200 OK in 5ms (Views: 4.7ms | ActiveRecord: 0.0ms)


Started GET "/pages/contact" for 127.0.0.1 at Mon Aug 08 20:09:00 -0400 2011
  Processing by PagesController#contact as HTML
Rendered pages/contact.html.erb (0.2ms)
Completed 200 OK in 6ms (Views: 5.5ms | ActiveRecord: 0.0ms)
DEPRECATION WARNING: config.action_view.debug_rjs will be removed in 3.1, from 3.1 onwards you will need to install prototype-rails to continue to use RJS templates . (called from service at /Users/Ben/.rvm/rubies/ruby-1.9.2-p290/lib/ruby/1.9.1/webrick/httpserver.rb:111)
DEPRECATION WARNING: config.action_view.debug_rjs will be removed in 3.1, from 3.1 onwards you will need to install prototype-rails to continue to use RJS templates . (called from service at /Users/Ben/.rvm/rubies/ruby-1.9.2-p290/lib/ruby/1.9.1/webrick/httpserver.rb:111)


Started GET "/pages/home" for 127.0.0.1 at 2011-08-09 13:08:45 -0400
  Processing by PagesController#home as HTML
Rendered pages/home.html.erb within layouts/application (1.3ms)
Completed 200 OK in 5ms (Views: 4.8ms | ActiveRecord: 0.0ms)


Started GET "/pages/home" for 127.0.0.1 at 2011-08-09 14:54:08 -0400
  Processing by PagesController#home as HTML
Rendered pages/home.html.erb within layouts/application (1.6ms)
Completed 200 OK in 5ms (Views: 5.0ms | ActiveRecord: 0.0ms)


Started GET "/images/logo.png" for 127.0.0.1 at 2011-08-09 14:54:09 -0400

ActionController::RoutingError (No route matches "/images/logo.png"):
  

Rendered /Users/Ben/.rvm/gems/ruby-1.9.2-p290@rails3tutorial/gems/actionpack-3.0.9/lib/action_dispatch/middleware/templates/rescues/routing_error.erb within rescues/layout (0.9ms)


Started GET "/stylesheets/custom.css" for 127.0.0.1 at 2011-08-09 14:54:09 -0400

ActionController::RoutingError (No route matches "/stylesheets/custom.css"):
  

Rendered /Users/Ben/.rvm/gems/ruby-1.9.2-p290@rails3tutorial/gems/actionpack-3.0.9/lib/action_dispatch/middleware/templates/rescues/routing_error.erb within rescues/layout (1.4ms)


Started GET "/images/logo.png" for 127.0.0.1 at 2011-08-09 14:54:09 -0400

ActionController::RoutingError (No route matches "/images/logo.png"):
  

Rendered /Users/Ben/.rvm/gems/ruby-1.9.2-p290@rails3tutorial/gems/actionpack-3.0.9/lib/action_dispatch/middleware/templates/rescues/routing_error.erb within rescues/layout (1.0ms)


Started GET "/pages/home" for 127.0.0.1 at 2011-08-09 14:54:57 -0400
  Processing by PagesController#home as HTML
Rendered pages/home.html.erb within layouts/application (1.6ms)
Completed 200 OK in 6ms (Views: 5.3ms | ActiveRecord: 0.0ms)


Started GET "/stylesheets/custom.css" for 127.0.0.1 at 2011-08-09 14:54:57 -0400

ActionController::RoutingError (No route matches "/stylesheets/custom.css"):
  

Rendered /Users/Ben/.rvm/gems/ruby-1.9.2-p290@rails3tutorial/gems/actionpack-3.0.9/lib/action_dispatch/middleware/templates/rescues/routing_error.erb within rescues/layout (1.0ms)


Started GET "/images/logo.png" for 127.0.0.1 at 2011-08-09 14:54:57 -0400

ActionController::RoutingError (No route matches "/images/logo.png"):
  

Rendered /Users/Ben/.rvm/gems/ruby-1.9.2-p290@rails3tutorial/gems/actionpack-3.0.9/lib/action_dispatch/middleware/templates/rescues/routing_error.erb within rescues/layout (0.9ms)


Started GET "/pages/home" for 127.0.0.1 at 2011-08-09 14:56:48 -0400
  Processing by PagesController#home as HTML
Rendered pages/home.html.erb within layouts/application (2.8ms)
Completed 200 OK in 7ms (Views: 6.2ms | ActiveRecord: 0.0ms)


Started GET "/stylesheets/custom.css" for 127.0.0.1 at 2011-08-09 14:56:48 -0400

ActionController::RoutingError (No route matches "/stylesheets/custom.css"):
  

Rendered /Users/Ben/.rvm/gems/ruby-1.9.2-p290@rails3tutorial/gems/actionpack-3.0.9/lib/action_dispatch/middleware/templates/rescues/routing_error.erb within rescues/layout (1.0ms)


Started GET "/images/logo.png" for 127.0.0.1 at 2011-08-09 14:56:48 -0400

ActionController::RoutingError (No route matches "/images/logo.png"):
  

Rendered /Users/Ben/.rvm/gems/ruby-1.9.2-p290@rails3tutorial/gems/actionpack-3.0.9/lib/action_dispatch/middleware/templates/rescues/routing_error.erb within rescues/layout (1.1ms)


Started GET "/pages/home" for 127.0.0.1 at 2011-08-09 14:57:54 -0400
  Processing by PagesController#home as HTML
Rendered pages/home.html.erb within layouts/application (1.7ms)
Completed 200 OK in 5ms (Views: 5.0ms | ActiveRecord: 0.0ms)


Started GET "/stylesheets/custom.css" for 127.0.0.1 at 2011-08-09 14:57:54 -0400

ActionController::RoutingError (No route matches "/stylesheets/custom.css"):
  

Rendered /Users/Ben/.rvm/gems/ruby-1.9.2-p290@rails3tutorial/gems/actionpack-3.0.9/lib/action_dispatch/middleware/templates/rescues/routing_error.erb within rescues/layout (1.0ms)


Started GET "/images/logo.png" for 127.0.0.1 at 2011-08-09 14:57:54 -0400

ActionController::RoutingError (No route matches "/images/logo.png"):
  

Rendered /Users/Ben/.rvm/gems/ruby-1.9.2-p290@rails3tutorial/gems/actionpack-3.0.9/lib/action_dispatch/middleware/templates/rescues/routing_error.erb within rescues/layout (1.0ms)


Started GET "/pages/home" for 127.0.0.1 at 2011-08-09 14:58:53 -0400
  Processing by PagesController#home as HTML
Rendered pages/home.html.erb within layouts/application (1.7ms)
Completed 200 OK in 5ms (Views: 5.0ms | ActiveRecord: 0.0ms)


Started GET "/stylesheets/custom.css" for 127.0.0.1 at 2011-08-09 14:58:53 -0400

ActionController::RoutingError (No route matches "/stylesheets/custom.css"):
  

Rendered /Users/Ben/.rvm/gems/ruby-1.9.2-p290@rails3tutorial/gems/actionpack-3.0.9/lib/action_dispatch/middleware/templates/rescues/routing_error.erb within rescues/layout (1.0ms)


Started GET "/pages/home" for 127.0.0.1 at 2011-08-09 15:00:12 -0400
  Processing by PagesController#home as HTML
Rendered pages/home.html.erb within layouts/application (2.2ms)
Completed 200 OK in 6ms (Views: 5.7ms | ActiveRecord: 0.0ms)


Started GET "/pages/home" for 127.0.0.1 at 2011-08-09 15:01:52 -0400
  Processing by PagesController#home as HTML
Rendered pages/home.html.erb within layouts/application (1.7ms)
Completed 200 OK in 5ms (Views: 5.0ms | ActiveRecord: 0.0ms)


Started GET "/pages/home" for 127.0.0.1 at 2011-08-09 15:02:23 -0400
  Processing by PagesController#home as HTML
Rendered pages/home.html.erb within layouts/application (1.7ms)
Completed 200 OK in 5ms (Views: 4.9ms | ActiveRecord: 0.0ms)


Started GET "/pages/home" for 127.0.0.1 at 2011-08-09 15:03:17 -0400
  Processing by PagesController#home as HTML
Rendered pages/home.html.erb within layouts/application (1.7ms)
Completed 200 OK in 5ms (Views: 5.0ms | ActiveRecord: 0.0ms)


Started GET "/pages/home" for 127.0.0.1 at 2011-08-09 15:03:53 -0400
  Processing by PagesController#home as HTML
Rendered pages/home.html.erb within layouts/application (2.1ms)
Completed 200 OK in 7ms (Views: 6.8ms | ActiveRecord: 0.0ms)


Started GET "/pages/home" for 127.0.0.1 at 2011-08-09 15:12:34 -0400
  Processing by PagesController#home as HTML
Rendered layouts/_stylesheets.html.erb (0.8ms)
Rendered layouts/_header.html.erb (0.6ms)
Rendered layouts/_footer.html.erb (0.3ms)
Rendered pages/home.html.erb within layouts/application (5.8ms)
Completed 200 OK in 10ms (Views: 9.9ms | ActiveRecord: 0.0ms)


Started GET "/pages/home" for 127.0.0.1 at 2011-08-09 15:12:43 -0400
  Processing by PagesController#home as HTML
Rendered layouts/_stylesheets.html.erb (0.9ms)
Rendered layouts/_header.html.erb (0.7ms)
Rendered layouts/_footer.html.erb (0.3ms)
Rendered pages/home.html.erb within layouts/application (5.7ms)
Completed 200 OK in 9ms (Views: 8.8ms | ActiveRecord: 0.0ms)


Started GET "/pages/home" for 127.0.0.1 at 2011-08-09 15:13:14 -0400
  Processing by PagesController#home as HTML
Rendered layouts/_stylesheets.html.erb (1.5ms)
Rendered layouts/_header.html.erb (0.6ms)
Rendered layouts/_footer.html.erb (0.3ms)
Rendered pages/home.html.erb within layouts/application (5.9ms)
Completed 200 OK in 9ms (Views: 9.1ms | ActiveRecord: 0.0ms)


Started GET "/pages/home" for 127.0.0.1 at 2011-08-09 15:13:31 -0400
  Processing by PagesController#home as HTML
Rendered layouts/_stylesheets.html.erb (0.8ms)
Rendered layouts/_header.html.erb (0.5ms)
Rendered layouts/_footer.html.erb (0.3ms)
Rendered pages/home.html.erb within layouts/application (4.9ms)
Completed 200 OK in 8ms (Views: 8.1ms | ActiveRecord: 0.0ms)


Started GET "/pages/home" for 127.0.0.1 at 2011-08-09 15:13:35 -0400
  Processing by PagesController#home as HTML
Rendered layouts/_stylesheets.html.erb (0.8ms)
Rendered layouts/_header.html.erb (0.6ms)
Rendered layouts/_footer.html.erb (0.3ms)
Rendered pages/home.html.erb within layouts/application (5.0ms)
Completed 200 OK in 9ms (Views: 8.9ms | ActiveRecord: 0.0ms)


Started GET "/pages/home" for 127.0.0.1 at 2011-08-09 15:13:47 -0400
  Processing by PagesController#home as HTML
Rendered layouts/_stylesheets.html.erb (0.9ms)
Rendered layouts/_header.html.erb (0.5ms)
Rendered layouts/_footer.html.erb (0.3ms)
Rendered pages/home.html.erb within layouts/application (5.0ms)
Completed 200 OK in 9ms (Views: 8.3ms | ActiveRecord: 0.0ms)


Started GET "/pages/home" for 127.0.0.1 at 2011-08-09 15:13:53 -0400
  Processing by PagesController#home as HTML
Rendered layouts/_stylesheets.html.erb (0.8ms)
Rendered layouts/_header.html.erb (0.5ms)
Rendered layouts/_footer.html.erb (0.3ms)
Rendered pages/home.html.erb within layouts/application (4.9ms)
Completed 200 OK in 8ms (Views: 8.2ms | ActiveRecord: 0.0ms)


Started GET "/" for 127.0.0.1 at 2011-08-09 15:25:20 -0400
  Processing by PagesController#home as HTML
Rendered layouts/_stylesheets.html.erb (0.9ms)
Rendered layouts/_header.html.erb (0.5ms)
Rendered layouts/_footer.html.erb (0.3ms)
Rendered pages/home.html.erb within layouts/application (5.1ms)
Completed 200 OK in 9ms (Views: 8.3ms | ActiveRecord: 0.0ms)


Started GET "/" for 127.0.0.1 at 2011-08-09 15:28:14 -0400
  Processing by PagesController#home as HTML
Rendered layouts/_stylesheets.html.erb (0.8ms)
Rendered layouts/_header.html.erb (1.0ms)
Rendered layouts/_footer.html.erb (0.6ms)
Rendered pages/home.html.erb within layouts/application (6.0ms)
Completed 200 OK in 9ms (Views: 9.2ms | ActiveRecord: 0.0ms)


Started GET "/" for 127.0.0.1 at 2011-08-09 15:28:16 -0400
  Processing by PagesController#home as HTML
Rendered layouts/_stylesheets.html.erb (0.9ms)
Rendered layouts/_header.html.erb (1.3ms)
Rendered layouts/_footer.html.erb (0.6ms)
Rendered pages/home.html.erb within layouts/application (6.3ms)
Completed 200 OK in 11ms (Views: 10.4ms | ActiveRecord: 0.0ms)


Started GET "/" for 127.0.0.1 at 2011-08-09 15:28:18 -0400
  Processing by PagesController#home as HTML
Rendered layouts/_stylesheets.html.erb (0.8ms)
Rendered layouts/_header.html.erb (1.0ms)
Rendered layouts/_footer.html.erb (0.6ms)
Rendered pages/home.html.erb within layouts/application (5.6ms)
Completed 200 OK in 9ms (Views: 9.0ms | ActiveRecord: 0.0ms)


Started GET "/" for 127.0.0.1 at 2011-08-09 15:28:19 -0400
  Processing by PagesController#home as HTML
Rendered layouts/_stylesheets.html.erb (0.8ms)
Rendered layouts/_header.html.erb (1.0ms)
Rendered layouts/_footer.html.erb (0.6ms)
Rendered pages/home.html.erb within layouts/application (6.0ms)
Completed 200 OK in 10ms (Views: 9.2ms | ActiveRecord: 0.0ms)


Started GET "/contact" for 127.0.0.1 at 2011-08-09 15:28:24 -0400
  Processing by PagesController#contact as HTML
Rendered layouts/_stylesheets.html.erb (0.8ms)
Rendered layouts/_header.html.erb (1.0ms)
Rendered layouts/_footer.html.erb (0.6ms)
Rendered pages/contact.html.erb within layouts/application (5.8ms)
Completed 200 OK in 9ms (Views: 9.1ms | ActiveRecord: 0.0ms)


Started GET "/about" for 127.0.0.1 at 2011-08-09 15:28:26 -0400
  Processing by PagesController#about as HTML
Rendered layouts/_stylesheets.html.erb (0.9ms)
Rendered layouts/_header.html.erb (1.1ms)
Rendered layouts/_footer.html.erb (0.6ms)
Rendered pages/about.html.erb within layouts/application (6.0ms)
Completed 200 OK in 10ms (Views: 9.4ms | ActiveRecord: 0.0ms)


Started GET "/help" for 127.0.0.1 at 2011-08-09 15:28:35 -0400
  Processing by PagesController#help as HTML
Rendered layouts/_stylesheets.html.erb (0.8ms)
Rendered layouts/_header.html.erb (1.0ms)
Rendered layouts/_footer.html.erb (0.6ms)
Rendered pages/help.html.erb within layouts/application (5.8ms)
Completed 200 OK in 10ms (Views: 10.0ms | ActiveRecord: 0.0ms)


Started GET "/" for 127.0.0.1 at 2011-08-09 15:28:37 -0400
  Processing by PagesController#home as HTML
Rendered layouts/_stylesheets.html.erb (0.9ms)
Rendered layouts/_header.html.erb (1.0ms)
Rendered layouts/_footer.html.erb (0.6ms)
Rendered pages/home.html.erb within layouts/application (5.8ms)
Completed 200 OK in 9ms (Views: 9.1ms | ActiveRecord: 0.0ms)


Started GET "/help" for 127.0.0.1 at 2011-08-09 15:28:38 -0400
  Processing by PagesController#help as HTML
Rendered layouts/_stylesheets.html.erb (1.0ms)
Rendered layouts/_header.html.erb (1.0ms)
Rendered layouts/_footer.html.erb (0.6ms)
Rendered pages/help.html.erb within layouts/application (6.2ms)
Completed 200 OK in 10ms (Views: 9.4ms | ActiveRecord: 0.0ms)


Started GET "/" for 127.0.0.1 at 2011-08-09 15:28:41 -0400
  Processing by PagesController#home as HTML
Rendered layouts/_stylesheets.html.erb (0.9ms)
Rendered layouts/_header.html.erb (1.1ms)
Rendered layouts/_footer.html.erb (28.0ms)
Rendered pages/home.html.erb within layouts/application (33.3ms)
Completed 200 OK in 37ms (Views: 36.6ms | ActiveRecord: 0.0ms)
